<?xml version="1.0" encoding="UTF-8"?>
<testng-results skipped="0" failed="0" ignored="0" total="1" passed="1">
  <reporter-output>
  </reporter-output>
  <suite name="Default suite" duration-ms="6993" started-at="2018-11-04T12:19:07Z" finished-at="2018-11-04T12:19:14Z">
    <groups>
    </groups>
    <test name="Default test" duration-ms="6993" started-at="2018-11-04T12:19:07Z" finished-at="2018-11-04T12:19:14Z">
      <class name="test_jenkins.test_jenkins.AppTest">
        <test-method status="PASS" signature="test()[pri:0, instance:test_jenkins.test_jenkins.AppTest@28d25987]" name="test" duration-ms="6966" started-at="2018-11-04T12:19:07Z" finished-at="2018-11-04T12:19:14Z">
          <reporter-output>
          </reporter-output>
        </test-method> <!-- test -->
      </class> <!-- test_jenkins.test_jenkins.AppTest -->
    </test> <!-- Default test -->
  </suite> <!-- Default suite -->
</testng-results>
